<?xml version="1.0" encoding="UTF-8"?>
<!-- Generated by org.testng.reporters.JUnitReportReporter -->
<testsuite hostname="DESKTOP-57M536C" failures="0" tests="1" name="Take_Screenshot.Bank_Login" time="62.063" errors="0" timestamp="2022-01-20T10:25:28 IST" skipped="0">
  <testcase classname="Take_Screenshot.Bank_Login" name="bank_Screenshot" time="62.063"/>
  <system-out/>
</testsuite> <!-- Take_Screenshot.Bank_Login -->
