<?xml version="1.0" encoding="UTF-8"?>
<!-- Generated by org.testng.reporters.JUnitReportReporter -->
<testsuite hostname="DESKTOP-57M536C" failures="0" tests="1" name="Take_Screenshot.actiTIME" time="59.317" errors="0" timestamp="2022-01-24T10:29:00 IST" skipped="0">
  <testcase classname="Take_Screenshot.actiTIME" name="actiTIME_Screenshot" time="59.317"/>
  <system-out/>
</testsuite> <!-- Take_Screenshot.actiTIME -->
